[0.025s] Invoking command in '/home/athul/dev_ws/build/my_package': CMAKE_PREFIX_PATH=/opt/ros/foxy /usr/bin/cmake /home/athul/dev_ws/src/my_package -DAMENT_CMAKE_SYMLINK_INSTALL=1 -DCMAKE_INSTALL_PREFIX=/home/athul/dev_ws/install/my_package
[0.191s] -- The C compiler identification is GNU 9.4.0
[0.336s] -- The CXX compiler identification is GNU 9.4.0
[0.348s] -- Check for working C compiler: /usr/bin/cc
[0.459s] -- Check for working C compiler: /usr/bin/cc -- works
[0.465s] -- Detecting C compiler ABI info
[0.571s] -- Detecting C compiler ABI info - done
[0.596s] -- Detecting C compile features
[0.597s] -- Detecting C compile features - done
[0.605s] -- Check for working CXX compiler: /usr/bin/c++
[0.727s] -- Check for working CXX compiler: /usr/bin/c++ -- works
[0.728s] -- Detecting CXX compiler ABI info
[0.851s] -- Detecting CXX compiler ABI info - done
[0.872s] -- Detecting CXX compile features
[0.873s] -- Detecting CXX compile features - done
[0.886s] -- Found ament_cmake: 0.9.11 (/opt/ros/foxy/share/ament_cmake/cmake)
[0.925s] -- Found PythonInterp: /usr/bin/python3 (found suitable version "3.8.10", minimum required is "3") 
[0.925s] -- Using PYTHON_EXECUTABLE: /usr/bin/python3
[1.201s] -- Override CMake install command with custom implementation using symlinks instead of copying resources
[1.241s] -- Found ament_lint_auto: 0.9.7 (/opt/ros/foxy/share/ament_lint_auto/cmake)
[1.362s] -- Added test 'copyright' to check source files copyright and LICENSE
[1.367s] -- Added test 'flake8' to check Python code syntax and style conventions
[1.368s] -- Added test 'lint_cmake' to check CMake code style
[1.369s] -- Added test 'pep257' to check Python code against some of the style conventions in PEP 257
[1.376s] -- Added test 'xmllint' to check XML markup files
[1.380s] -- Configuring done
[1.385s] -- Generating done
[1.387s] -- Build files have been written to: /home/athul/dev_ws/build/my_package
[1.396s] Invoked command in '/home/athul/dev_ws/build/my_package' returned '0': CMAKE_PREFIX_PATH=/opt/ros/foxy /usr/bin/cmake /home/athul/dev_ws/src/my_package -DAMENT_CMAKE_SYMLINK_INSTALL=1 -DCMAKE_INSTALL_PREFIX=/home/athul/dev_ws/install/my_package
[1.401s] Invoking command in '/home/athul/dev_ws/build/my_package': CMAKE_PREFIX_PATH=/opt/ros/foxy /usr/bin/cmake --build /home/athul/dev_ws/build/my_package -- -j4 -l4
[1.462s] Invoked command in '/home/athul/dev_ws/build/my_package' returned '0': CMAKE_PREFIX_PATH=/opt/ros/foxy /usr/bin/cmake --build /home/athul/dev_ws/build/my_package -- -j4 -l4
[1.513s] Invoking command in '/home/athul/dev_ws/build/my_package': CMAKE_PREFIX_PATH=/opt/ros/foxy /usr/bin/cmake --install /home/athul/dev_ws/build/my_package
[1.526s] -- Install configuration: ""
[1.526s] -- Execute custom install script
[1.528s] -- Symlinking: /home/athul/dev_ws/install/my_package/share/my_package/launch/listener.launch.py
[1.542s] -- Symlinking: /home/athul/dev_ws/install/my_package/share/my_package/launch/talker.launch.py
[1.557s] -- Symlinking: /home/athul/dev_ws/install/my_package/share/ament_index/resource_index/package_run_dependencies/my_package
[1.571s] -- Symlinking: /home/athul/dev_ws/install/my_package/share/ament_index/resource_index/parent_prefix_path/my_package
[1.585s] -- Symlinking: /home/athul/dev_ws/install/my_package/share/my_package/environment/ament_prefix_path.sh
[1.599s] -- Symlinking: /home/athul/dev_ws/install/my_package/share/my_package/environment/ament_prefix_path.dsv
[1.613s] -- Symlinking: /home/athul/dev_ws/install/my_package/share/my_package/environment/path.sh
[1.627s] -- Symlinking: /home/athul/dev_ws/install/my_package/share/my_package/environment/path.dsv
[1.641s] -- Symlinking: /home/athul/dev_ws/install/my_package/share/my_package/local_setup.bash
[1.655s] -- Symlinking: /home/athul/dev_ws/install/my_package/share/my_package/local_setup.sh
[1.670s] -- Symlinking: /home/athul/dev_ws/install/my_package/share/my_package/local_setup.zsh
[1.683s] -- Symlinking: /home/athul/dev_ws/install/my_package/share/my_package/local_setup.dsv
[1.697s] -- Symlinking: /home/athul/dev_ws/install/my_package/share/my_package/package.dsv
[1.711s] -- Symlinking: /home/athul/dev_ws/install/my_package/share/ament_index/resource_index/packages/my_package
[1.726s] -- Symlinking: /home/athul/dev_ws/install/my_package/share/my_package/cmake/my_packageConfig.cmake
[1.740s] -- Symlinking: /home/athul/dev_ws/install/my_package/share/my_package/cmake/my_packageConfig-version.cmake
[1.754s] -- Symlinking: /home/athul/dev_ws/install/my_package/share/my_package/package.xml
[1.771s] Invoked command in '/home/athul/dev_ws/build/my_package' returned '0': CMAKE_PREFIX_PATH=/opt/ros/foxy /usr/bin/cmake --install /home/athul/dev_ws/build/my_package
